<?xml version="1.0" encoding="UTF-8"?>
<!-- Generated by org.testng.reporters.JUnitReportReporter -->
<testsuite skipped="0" hostname="DESKTOP-KHRC35D" name="com.automation.Basics.TestNG_2" tests="5" failures="0" timestamp="2021-11-20T20:43:36 IST" time="0.035" errors="0">
  <testcase name="signout" time="0.000" classname="com.automation.Basics.TestNG_2"/>
  <testcase name="login" time="0.030" classname="com.automation.Basics.TestNG_2"/>
  <testcase name="searchProduct" time="0.005" classname="com.automation.Basics.TestNG_2"/>
  <testcase name="payment" time="0.000" classname="com.automation.Basics.TestNG_2"/>
  <testcase name="signup" time="0.000" classname="com.automation.Basics.TestNG_2"/>
</testsuite> <!-- com.automation.Basics.TestNG_2 -->
