<?xml version="1.0" encoding="UTF-8"?>
<!-- Generated by org.testng.reporters.JUnitReportReporter -->
<testsuite skipped="0" hostname="DESKTOP-KHRC35D" name="com.automation.Testcases.TC001" tests="1" failures="0" timestamp="2021-12-07T21:15:24 IST" time="21.156" errors="0">
  <testcase name="loginTest" time="21.156" classname="com.automation.Testcases.TC001"/>
</testsuite> <!-- com.automation.Testcases.TC001 -->
