<?xml version="1.0" encoding="UTF-8"?>
<!-- Generated by org.testng.reporters.JUnitReportReporter -->
<testsuite skipped="0" hostname="DESKTOP-KHRC35D" name="com.automation.Basics.LearnParameters" tests="1" failures="0" timestamp="2021-11-20T20:59:37 IST" time="12.640" errors="0">
  <testcase name="testcase" time="12.640" classname="com.automation.Basics.LearnParameters"/>
</testsuite> <!-- com.automation.Basics.LearnParameters -->
