<?xml version="1.0" encoding="UTF-8"?>
<!-- Generated by org.testng.reporters.JUnitReportReporter -->
<testsuite skipped="0" hostname="DESKTOP-KHRC35D" name="com.automation.Basics.Base" tests="2" failures="0" timestamp="2021-11-16T22:00:27 IST" time="0.022" errors="0">
  <testcase name="test6" time="0.009" classname="com.automation.Basics.Base"/>
  <testcase name="test3" time="0.013" classname="com.automation.Basics.Base"/>
</testsuite> <!-- com.automation.Basics.Base -->
