<?xml version="1.0" encoding="UTF-8"?>
<!-- Generated by org.testng.reporters.JUnitReportReporter -->
<testsuite skipped="0" hostname="DESKTOP-KHRC35D" name="com.automation.Testcases.TC001" tests="2" failures="0" timestamp="2021-12-02T21:51:17 IST" time="29.189" errors="0">
  <testcase name="loginTest1" time="16.106" classname="com.automation.Testcases.TC001"/>
  <testcase name="loginTest" time="13.083" classname="com.automation.Testcases.TC001"/>
</testsuite> <!-- com.automation.Testcases.TC001 -->
