<?xml version="1.0" encoding="UTF-8"?>
<!-- Generated by org.testng.reporters.JUnitReportReporter -->
<testsuite skipped="0" hostname="DESKTOP-KHRC35D" name="com.automation.Testcases.TC002" tests="2" failures="0" timestamp="2021-12-07T20:37:28 IST" time="27.251" errors="0">
  <testcase name="loginTest" time="13.652" classname="com.automation.Testcases.TC002"/>
  <testcase name="loginTest" time="13.599" classname="com.automation.Testcases.TC002"/>
</testsuite> <!-- com.automation.Testcases.TC002 -->
