<?xml version="1.0" encoding="UTF-8"?>
<!-- Generated by org.testng.reporters.JUnitReportReporter -->
<testsuite skipped="0" hostname="DESKTOP-KHRC35D" name="com.automation.Basics.WebTables" tests="1" failures="0" timestamp="2021-11-18T21:51:11 IST" time="21.041" errors="0">
  <testcase name="tables" time="21.041" classname="com.automation.Basics.WebTables"/>
</testsuite> <!-- com.automation.Basics.WebTables -->
